<?xml version="1.0" encoding="UTF-8"?>
<testsuite xmlns:xsi="http://www.w3.org/2001/XMLSchema-instance" xsi:noNamespaceSchemaLocation="https://maven.apache.org/surefire/maven-surefire-plugin/xsd/surefire-test-report-3.0.xsd" version="3.0" name="com.dices.smirnov.vladislav.MainTests" time="0.073" tests="3" errors="0" skipped="0" failures="0">
  <properties>
[...]
</properties>
  <testcase name="gettingWrongConsoleArgumentsCount" classname="com.dices.smirnov.vladislav.MainTests" time="0.028"/>
  <testcase name="areAllPlayersGettingStarted" classname="com.dices.smirnov.vladislav.MainTests" time="0.021"/>
  <testcase name="gettingWrongFirstConsoleArgument" classname="com.dices.smirnov.vladislav.MainTests" time="0.001"/>
</testsuite>